# Logfile created on 2023-10-18 10:58:42 +0530 by logger.rb/v1.5.3
I, [2023-10-18T10:59:44.850690 #6228]  INFO -- : Added: gowtham - 50000.0 - 2023-10-18
I, [2023-10-18T11:01:06.525046 #10960]  INFO -- : 1. jio - 1000.0 - 2023-10-18
I, [2023-10-18T11:01:06.525301 #10960]  INFO -- : 2. gowtham - 50000.0 - 2023-10-18
E, [2023-10-18T11:12:51.867358 #13656] ERROR -- : Invalid index. Use 'list' to see the expense indices.
E, [2023-10-18T11:14:07.984923 #2720] ERROR -- : Invalid index. Use 'list' to see the expense indices.
I, [2023-10-18T11:59:52.747273 #9156]  INFO -- : Added: New Hotel - 1000.0 - 2023-10-28
I, [2023-10-18T12:03:37.060414 #16104]  INFO -- : Added: New Hotel - 10000.0 - 2023-10-18
I, [2023-10-18T12:04:20.292701 #13520]  INFO -- : Added: New Hotel - 10000.0 - 2023-10-18
I, [2023-10-18T12:33:39.368551 #4792]  INFO -- : Added: Neeraj - 10000.0 - 2023-10-18
I, [2023-10-18T12:33:54.365244 #4404]  INFO -- : 1. jio - 1000.0 - 2023-10-18 - 
I, [2023-10-18T12:33:54.366203 #4404]  INFO -- : 2. gowtham - 50000.0 -  - transportation
I, [2023-10-18T12:33:54.366947 #4404]  INFO -- : 3. New Hotel - 10000.0 - 2023-10-18 - 
I, [2023-10-18T12:33:54.367584 #4404]  INFO -- : 4. New Hotel - 10000.0 - 2023-10-18 - rent
I, [2023-10-18T12:33:54.368236 #4404]  INFO -- : 5. Neeraj - 10000.0 - 2023-10-18 - entertainment
I, [2023-10-18T12:34:18.338693 #7976]  INFO -- : 1. jio - 1000.0 - 2023-10-18 - 
I, [2023-10-18T12:34:18.339781 #7976]  INFO -- : 2. gowtham - 50000.0 -  - transportation
I, [2023-10-18T12:34:18.340642 #7976]  INFO -- : 3. New Hotel - 10000.0 - 2023-10-18 - 
I, [2023-10-18T12:34:18.341518 #7976]  INFO -- : 4. New Hotel - 10000.0 - 2023-10-18 - rent
I, [2023-10-18T12:34:18.342469 #7976]  INFO -- : 5. Neeraj - 10000.0 - 2023-10-18 - entertainment
I, [2023-10-18T12:34:30.450579 #7976]  INFO -- : Removed: New Hotel - 10000.0 - 2023-10-18 - 
I, [2023-10-18T12:34:40.041112 #17032]  INFO -- : 1. jio - 1000.0 - 2023-10-18 - 
I, [2023-10-18T12:34:40.041728 #17032]  INFO -- : 2. gowtham - 50000.0 -  - transportation
I, [2023-10-18T12:34:40.042315 #17032]  INFO -- : 3. New Hotel - 10000.0 - 2023-10-18 - rent
I, [2023-10-18T12:34:40.042753 #17032]  INFO -- : 4. Neeraj - 10000.0 - 2023-10-18 - entertainment
I, [2023-10-18T12:35:21.957654 #17032]  INFO -- : Updated expense 1: jio - 1000.0 - 2023-10-18 -  -> jio - 1500.0 -  - other
